TN:Deployment
SF:/home/qxotk/dev/stacks/cu/clarity-book/counter/contracts/counter.clar
FN:13,get-count
FN:21,count-up
FNF:2
FNH:0
end_of_record
TN:count-up increments the counter for the tx-sender
SF:/home/qxotk/dev/stacks/cu/clarity-book/counter/contracts/counter.clar
FN:13,get-count
FN:21,count-up
FNDA:1,count-up
FNDA:1,get-count
FNF:2
FNH:2
DA:14,4
DA:22,7
end_of_record
TN:readonly-calls
SF:/home/qxotk/dev/stacks/cu/clarity-book/counter/contracts/counter.clar
FN:13,get-count
FN:21,count-up
FNDA:2,get-count
FNF:2
FNH:1
DA:14,8
DA:22,0
end_of_record
